# JRE version: Java(TM) SE Runtime Environment (21.0.9+7) (build 21.0.9+7-LTS-338)
# Java VM: Java HotSpot(TM) 64-Bit Server VM (21.0.9+7-LTS-338, mixed mode, sharing, tiered, compressed oops, compressed class ptrs, g1 gc, windows-amd64)
GC Precious Log:
 CardTable entry size: 512
 Card Set container configuration: InlinePtr #cards 4 size 8 Array Of Cards #cards 32 size 80 Howl #buckets 8 coarsen threshold 7372 Howl Bitmap #cards 1024 size 144 coarsen threshold 921 Card regions per heap region 1 cards per card region 8192
 CPUs: 12 total, 12 available
 Memory: 32681M
 Large Page Support: Disabled
 NUMA Support: Disabled
 Compressed Oops: Enabled (Zero based)
 Heap Region Size: 4M
 Heap Min Capacity: 8M
 Heap Initial Capacity: 512M
 Heap Max Capacity: 8172M
 Pre-touch: Disabled
 Parallel Workers: 10
 Concurrent Workers: 3
 Concurrent Refinement Workers: 10
 Periodic GC: Disabled
Heap:
 garbage-first heap   total 57344K, used 34502K [0x0000000601400000, 0x0000000800000000)
  region size 4096K, 6 young (24576K), 0 survivors (0K)
 Metaspace       used 35570K, committed 36224K, reserved 1114112K
  class space    used 4283K, committed 4544K, reserved 1048576K
GC Heap History (20 events):
Event: 1463.541 GC heap before
{Heap before GC invocations=7 (full 1):
 garbage-first heap   total 69632K, used 34050K [0x0000000601400000, 0x0000000800000000)
  region size 4096K, 6 young (24576K), 0 survivors (0K)
 Metaspace       used 33983K, committed 34560K, reserved 1114112K
  class space    used 4227K, committed 4480K, reserved 1048576K
}
Event: 1463.594 GC heap after
{Heap after GC invocations=8 (full 2):
 garbage-first heap   total 57344K, used 13557K [0x0000000601400000, 0x0000000800000000)
  region size 4096K, 0 young (0K), 0 survivors (0K)
 Metaspace       used 33980K, committed 34560K, reserved 1114112K
  class space    used 4226K, committed 4480K, reserved 1048576K
}
Event: 1627.249 GC heap before
{Heap before GC invocations=8 (full 2):
 garbage-first heap   total 57344K, used 38133K [0x0000000601400000, 0x0000000800000000)
  region size 4096K, 7 young (28672K), 0 survivors (0K)
 Metaspace       used 34534K, committed 35136K, reserved 1114112K
  class space    used 4250K, committed 4480K, reserved 1048576K
}
Event: 1627.302 GC heap after
{Heap after GC invocations=9 (full 3):
 garbage-first heap   total 57344K, used 13910K [0x0000000601400000, 0x0000000800000000)
  region size 4096K, 0 young (0K), 0 survivors (0K)
 Metaspace       used 34531K, committed 35136K, reserved 1114112K
  class space    used 4250K, committed 4480K, reserved 1048576K
}
Event: 1684.992 GC heap before
{Heap before GC invocations=9 (full 3):
 garbage-first heap   total 57344K, used 34390K [0x0000000601400000, 0x0000000800000000)
  region size 4096K, 6 young (24576K), 0 survivors (0K)
 Metaspace       used 34754K, committed 35392K, reserved 1114112K
  class space    used 4254K, committed 4480K, reserved 1048576K
}
Event: 1685.035 GC heap after
{Heap after GC invocations=10 (full 4):
 garbage-first heap   total 57344K, used 13803K [0x0000000601400000, 0x0000000800000000)
  region size 4096K, 0 young (0K), 0 survivors (0K)
 Metaspace       used 34751K, committed 35392K, reserved 1114112K
  class space    used 4254K, committed 4480K, reserved 1048576K
}
Event: 1695.820 GC heap before
{Heap before GC invocations=10 (full 4):
 garbage-first heap   total 57344K, used 34283K [0x0000000601400000, 0x0000000800000000)
  region size 4096K, 6 young (24576K), 0 survivors (0K)
 Metaspace       used 34936K, committed 35584K, reserved 1114112K
  class space    used 4259K, committed 4544K, reserved 1048576K
}
Event: 1695.864 GC heap after
{Heap after GC invocations=11 (full 5):
 garbage-first heap   total 57344K, used 13843K [0x0000000601400000, 0x0000000800000000)
  region size 4096K, 0 young (0K), 0 survivors (0K)
 Metaspace       used 34933K, committed 35584K, reserved 1114112K
  class space    used 4258K, committed 4544K, reserved 1048576K
}
Event: 1874.667 GC heap before
{Heap before GC invocations=11 (full 5):
 garbage-first heap   total 57344K, used 38419K [0x0000000601400000, 0x0000000800000000)
  region size 4096K, 7 young (28672K), 0 survivors (0K)
 Metaspace       used 35141K, committed 35776K, reserved 1114112K
  class space    used 4265K, committed 4544K, reserved 1048576K
}
Event: 1874.715 GC heap after
{Heap after GC invocations=12 (full 6):
 garbage-first heap   total 57344K, used 14023K [0x0000000601400000, 0x0000000800000000)
  region size 4096K, 0 young (0K), 0 survivors (0K)
 Metaspace       used 35138K, committed 35776K, reserved 1114112K
  class space    used 4265K, committed 4544K, reserved 1048576K
}
Event: 1961.938 GC heap before
{Heap before GC invocations=12 (full 6):
 garbage-first heap   total 57344K, used 34503K [0x0000000601400000, 0x0000000800000000)
  region size 4096K, 6 young (24576K), 0 survivors (0K)
 Metaspace       used 35266K, committed 35904K, reserved 1114112K
  class space    used 4270K, committed 4544K, reserved 1048576K
}
Event: 1961.987 GC heap after
{Heap after GC invocations=13 (full 7):
 garbage-first heap   total 57344K, used 13932K [0x0000000601400000, 0x0000000800000000)
  region size 4096K, 0 young (0K), 0 survivors (0K)
 Metaspace       used 35263K, committed 35904K, reserved 1114112K
  class space    used 4269K, committed 4544K, reserved 1048576K
}
Event: 1982.946 GC heap before
{Heap before GC invocations=13 (full 7):
 garbage-first heap   total 57344K, used 34412K [0x0000000601400000, 0x0000000800000000)
  region size 4096K, 6 young (24576K), 0 survivors (0K)
 Metaspace       used 35383K, committed 36032K, reserved 1114112K
  class space    used 4274K, committed 4544K, reserved 1048576K
}
Event: 1982.994 GC heap after
{Heap after GC invocations=14 (full 8):
 garbage-first heap   total 57344K, used 13972K [0x0000000601400000, 0x0000000800000000)
  region size 4096K, 0 young (0K), 0 survivors (0K)
 Metaspace       used 35380K, committed 36032K, reserved 1114112K
  class space    used 4274K, committed 4544K, reserved 1048576K
}
Event: 2375.922 GC heap before
{Heap before GC invocations=14 (full 8):
 garbage-first heap   total 57344K, used 42644K [0x0000000601400000, 0x0000000800000000)
  region size 4096K, 7 young (28672K), 0 survivors (0K)
 Metaspace       used 35463K, committed 36096K, reserved 1114112K
  class space    used 4278K, committed 4544K, reserved 1048576K
}
Event: 2375.923 GC heap after
{Heap after GC invocations=15 (full 8):
 garbage-first heap   total 57344K, used 16330K [0x0000000601400000, 0x0000000800000000)
  region size 4096K, 1 young (4096K), 1 survivors (4096K)
 Metaspace       used 35463K, committed 36096K, reserved 1114112K
  class space    used 4278K, committed 4544K, reserved 1048576K
}
Event: 3739.111 GC heap before
{Heap before GC invocations=15 (full 8):
 garbage-first heap   total 57344K, used 40906K [0x0000000601400000, 0x0000000800000000)
  region size 4096K, 7 young (28672K), 1 survivors (4096K)
 Metaspace       used 35490K, committed 36160K, reserved 1114112K
  class space    used 4278K, committed 4544K, reserved 1048576K
}
Event: 3739.112 GC heap after
{Heap after GC invocations=16 (full 8):
 garbage-first heap   total 57344K, used 16506K [0x0000000601400000, 0x0000000800000000)
  region size 4096K, 1 young (4096K), 1 survivors (4096K)
 Metaspace       used 35490K, committed 36160K, reserved 1114112K
  class space    used 4278K, committed 4544K, reserved 1048576K
}
Event: 4270.959 GC heap before
{Heap before GC invocations=16 (full 8):
 garbage-first heap   total 57344K, used 24698K [0x0000000601400000, 0x0000000800000000)
  region size 4096K, 4 young (16384K), 1 survivors (4096K)
 Metaspace       used 35497K, committed 36160K, reserved 1114112K
  class space    used 4279K, committed 4544K, reserved 1048576K
}
Event: 4271.009 GC heap after
{Heap after GC invocations=17 (full 9):
 garbage-first heap   total 57344K, used 14022K [0x0000000601400000, 0x0000000800000000)
  region size 4096K, 0 young (0K), 0 survivors (0K)
 Metaspace       used 35495K, committed 36160K, reserved 1114112K
  class space    used 4278K, committed 4544K, reserved 1048576K
}

